0 info it worked if it ends with ok
1 verbose cli [ 'C:\\Program Files\\nodejs\\\\node.exe',
1 verbose cli   'C:\\Program Files\\nodejs\\node_modules\\npm\\bin\\npm-cli.js',
1 verbose cli   'uninstall',
1 verbose cli   'monk' ]
2 info using npm@1.4.28
3 info using node@v0.10.32
4 verbose node symlink C:\Program Files\nodejs\\node.exe
5 verbose node_modules\monk unbuild
6 info preuninstall monk@0.9.0
7 info uninstall monk@0.9.0
8 verbose true,F:\Eclipse Workspace\273estore\node_modules,F:\Eclipse Workspace\273estore\node_modules unbuild monk@0.9.0
9 info postuninstall monk@0.9.0
10 error Error: EPERM, unlink 'F:\Eclipse Workspace\273estore\node_modules\monk\node_modules\mongoskin\node_modules\mongodb\node_modules\bson\ext\win32\x64\bson.node'
10 error  { [Error: EPERM, unlink 'F:\Eclipse Workspace\273estore\node_modules\monk\node_modules\mongoskin\node_modules\mongodb\node_modules\bson\ext\win32\x64\bson.node']
10 error   errno: 50,
10 error   code: 'EPERM',
10 error   path: 'F:\\Eclipse Workspace\\273estore\\node_modules\\monk\\node_modules\\mongoskin\\node_modules\\mongodb\\node_modules\\bson\\ext\\win32\\x64\\bson.node' }
11 error Please try running this command again as root/Administrator.
12 error System Windows_NT 6.2.9200
13 error command "C:\\Program Files\\nodejs\\\\node.exe" "C:\\Program Files\\nodejs\\node_modules\\npm\\bin\\npm-cli.js" "uninstall" "monk"
14 error cwd F:\Eclipse Workspace\273estore
15 error node -v v0.10.32
16 error npm -v 1.4.28
17 error path F:\Eclipse Workspace\273estore\node_modules\monk\node_modules\mongoskin\node_modules\mongodb\node_modules\bson\ext\win32\x64\bson.node
18 error code EPERM
19 error errno 50
20 error stack Error: EPERM, unlink 'F:\Eclipse Workspace\273estore\node_modules\monk\node_modules\mongoskin\node_modules\mongodb\node_modules\bson\ext\win32\x64\bson.node'
21 verbose exit [ 50, true ]
